<?xml version="1.0" encoding="UTF-8"?>
<!-- Generated by org.testng.reporters.JUnitReportReporter -->
<testsuite hostname="DESKTOP-BGIR2M1" failures="0" tests="2" name="Pac1.ContactTest" time="0.035" errors="0" timestamp="06 Sep 2024 13:19:54 GMT" skipped="0">
  <testcase classname="Pac1.ContactTest" name="modifyContactTest" time="0.005"/>
  <testcase classname="Pac1.ContactTest" name="createContactTest" time="0.030"/>
</testsuite> <!-- Pac1.ContactTest -->
