<?xml version="1.0" encoding="UTF-8"?>
<!-- Generated by org.testng.reporters.JUnitReportReporter -->
<testsuite hostname="DESKTOP-BGIR2M1" failures="0" tests="2" name="Pac2.OrgTest" time="0.086" errors="0" timestamp="06 Sep 2024 13:16:48 GMT" skipped="0">
  <testcase classname="Pac2.OrgTest" name="modifyOrgTest" time="0.029"/>
  <testcase classname="Pac2.OrgTest" name="createOrgTest" time="0.057"/>
</testsuite> <!-- Pac2.OrgTest -->
